<?xml version="1.0" encoding="UTF-8"?>
<testsuite name="XiaomiRedmi4a.X_TotalRegress" tests="9" skipped="0" failures="1" errors="0" timestamp="2019-04-12T13:51:18" hostname="SV-IT-5" time="1982.691">
  <properties/>
  <testcase name="Test001" classname="XiaomiRedmi4a.X_TotalRegress" time="60.081"/>
  <testcase name="Test002" classname="XiaomiRedmi4a.X_TotalRegress" time="252.139"/>
  <testcase name="Test003" classname="XiaomiRedmi4a.X_TotalRegress" time="280.027"/>
  <testcase name="Test004" classname="XiaomiRedmi4a.X_TotalRegress" time="296.906"/>
  <testcase name="Test005" classname="XiaomiRedmi4a.X_TotalRegress" time="213.571"/>
  <testcase name="Test006" classname="XiaomiRedmi4a.X_TotalRegress" time="214.325"/>
  <testcase name="Test007" classname="XiaomiRedmi4a.X_TotalRegress" time="211.668"/>
  <testcase name="Test008" classname="XiaomiRedmi4a.X_TotalRegress" time="179.062">
    <failure message="org.openqa.selenium.InvalidSelectorException: invalid selector: Unable to locate an element with the xpath expression ((//div[@class='item-title-row'])[3]/../div/div[2] because of the following error:&#10;SyntaxError: Failed to execute 'evaluate' on 'Document': The string '((//div[@class='item-title-row'])[3]/../div/div[2]' is not a valid XPath expression.&#10;  (Session info: content shell=)&#10;  (Driver info: chromedriver=2.20.366854 (5ec7646c06c3266f27ae291db023e006190cc1cc),platform=Windows NT 10.0 x86_64) (WARNING: The server did not provide any stacktrace information)&#10;Command duration or timeout: 101 milliseconds&#10;For documentation on this error, please visit: http://seleniumhq.org/exceptions/invalid_selector_exception.html&#10;Build info: version: '2.53.1', revision: 'a36b8b1cd5757287168e54b817830adce9b0158d', time: '2016-06-30 19:26:09'&#10;System info: host: 'SV-IT-5', ip: '192.168.2.110', os.name: 'Windows 10', os.arch: 'amd64', os.version: '10.0', java.version: '1.8.0_201'&#10;Driver info: io.appium.java_client.android.AndroidDriver&#10;Capabilities [{appPackage=com.savetime, app=C:\Automation\apks\client-12-apr.apk, deviceScreenSize=720x1280, networkConnectionEnabled=true, warnings={}, databaseEnabled=false, deviceName=2fcaae347d74, platform=LINUX, deviceUDID=2fcaae347d74, appActivity=com.savetime.MainActivity, desired={appPackage=com.savetime, appActivity=com.savetime.MainActivity, app=C:\Automation\apks\client-12-apr.apk, platformVersion=7.1.2, automationName=Appium, autoGrantPermissions=true, platformName=Android, deviceName=2fcaae347d74}, platformVersion=7.1.2, webStorageEnabled=false, locationContextEnabled=false, automationName=Appium, takesScreenshot=true, autoGrantPermissions=true, javascriptEnabled=true, deviceModel=Redmi 4A, platformName=Android, deviceManufacturer=Xiaomi}]&#10;Session ID: 1490a9c0-c450-40c0-8b2b-6205650059c9&#10;*** Element info: {Using=xpath, value=((//div[@class='item-title-row'])[3]/../div/div[2]}" type="org.openqa.selenium.InvalidSelectorException">org.openqa.selenium.InvalidSelectorException: invalid selector: Unable to locate an element with the xpath expression ((//div[@class='item-title-row'])[3]/../div/div[2] because of the following error:
SyntaxError: Failed to execute 'evaluate' on 'Document': The string '((//div[@class='item-title-row'])[3]/../div/div[2]' is not a valid XPath expression.
  (Session info: content shell=)
  (Driver info: chromedriver=2.20.366854 (5ec7646c06c3266f27ae291db023e006190cc1cc),platform=Windows NT 10.0 x86_64) (WARNING: The server did not provide any stacktrace information)
Command duration or timeout: 101 milliseconds
For documentation on this error, please visit: http://seleniumhq.org/exceptions/invalid_selector_exception.html
Build info: version: '2.53.1', revision: 'a36b8b1cd5757287168e54b817830adce9b0158d', time: '2016-06-30 19:26:09'
System info: host: 'SV-IT-5', ip: '192.168.2.110', os.name: 'Windows 10', os.arch: 'amd64', os.version: '10.0', java.version: '1.8.0_201'
Driver info: io.appium.java_client.android.AndroidDriver
Capabilities [{appPackage=com.savetime, app=C:\Automation\apks\client-12-apr.apk, deviceScreenSize=720x1280, networkConnectionEnabled=true, warnings={}, databaseEnabled=false, deviceName=2fcaae347d74, platform=LINUX, deviceUDID=2fcaae347d74, appActivity=com.savetime.MainActivity, desired={appPackage=com.savetime, appActivity=com.savetime.MainActivity, app=C:\Automation\apks\client-12-apr.apk, platformVersion=7.1.2, automationName=Appium, autoGrantPermissions=true, platformName=Android, deviceName=2fcaae347d74}, platformVersion=7.1.2, webStorageEnabled=false, locationContextEnabled=false, automationName=Appium, takesScreenshot=true, autoGrantPermissions=true, javascriptEnabled=true, deviceModel=Redmi 4A, platformName=Android, deviceManufacturer=Xiaomi}]
Session ID: 1490a9c0-c450-40c0-8b2b-6205650059c9
*** Element info: {Using=xpath, value=((//div[@class='item-title-row'])[3]/../div/div[2]}
	at sun.reflect.NativeConstructorAccessorImpl.newInstance0(Native Method)
	at sun.reflect.NativeConstructorAccessorImpl.newInstance(NativeConstructorAccessorImpl.java:62)
	at sun.reflect.DelegatingConstructorAccessorImpl.newInstance(DelegatingConstructorAccessorImpl.java:45)
	at java.lang.reflect.Constructor.newInstance(Constructor.java:423)
	at org.openqa.selenium.remote.ErrorHandler.createThrowable(ErrorHandler.java:206)
	at org.openqa.selenium.remote.ErrorHandler.throwIfResponseFailed(ErrorHandler.java:158)
	at org.openqa.selenium.remote.RemoteWebDriver.execute(RemoteWebDriver.java:678)
	at io.appium.java_client.DefaultGenericMobileDriver.execute(DefaultGenericMobileDriver.java:40)
	at io.appium.java_client.AppiumDriver.execute(AppiumDriver.java:1)
	at io.appium.java_client.android.AndroidDriver.execute(AndroidDriver.java:1)
	at org.openqa.selenium.remote.RemoteWebDriver.findElement(RemoteWebDriver.java:363)
	at io.appium.java_client.DefaultGenericMobileDriver.findElement(DefaultGenericMobileDriver.java:56)
	at io.appium.java_client.AppiumDriver.findElement(AppiumDriver.java:1)
	at io.appium.java_client.android.AndroidDriver.findElement(AndroidDriver.java:1)
	at org.openqa.selenium.remote.RemoteWebDriver.findElementByXPath(RemoteWebDriver.java:500)
	at io.appium.java_client.DefaultGenericMobileDriver.findElementByXPath(DefaultGenericMobileDriver.java:134)
	at io.appium.java_client.AppiumDriver.findElementByXPath(AppiumDriver.java:1)
	at io.appium.java_client.android.AndroidDriver.findElementByXPath(AndroidDriver.java:1)
	at main.Main.assertCancelLastOrder_aroundBody24(Main.java:523)
	at main.Main$AjcClosure25.run(Main.java:1)
	at org.aspectj.runtime.reflect.JoinPointImpl.proceed(JoinPointImpl.java:149)
	at io.qameta.allure.aspects.StepsAspects.step(StepsAspects.java:51)
	at main.Main.assertCancelLastOrder(Main.java:523)
	at main.Test008.test008(Test008.java:137)
	at XiaomiRedmi4a.X_TotalRegress.Test008(X_TotalRegress.java:68)
	at sun.reflect.NativeMethodAccessorImpl.invoke0(Native Method)
	at sun.reflect.NativeMethodAccessorImpl.invoke(NativeMethodAccessorImpl.java:62)
	at sun.reflect.DelegatingMethodAccessorImpl.invoke(DelegatingMethodAccessorImpl.java:43)
	at java.lang.reflect.Method.invoke(Method.java:498)
	at org.junit.runners.model.FrameworkMethod$1.runReflectiveCall(FrameworkMethod.java:50)
	at org.junit.internal.runners.model.ReflectiveCallable.run(ReflectiveCallable.java:12)
	at org.junit.runners.model.FrameworkMethod.invokeExplosively(FrameworkMethod.java:47)
	at org.junit.internal.runners.statements.InvokeMethod.evaluate(InvokeMethod.java:17)
	at org.junit.internal.runners.statements.RunBefores.evaluate(RunBefores.java:26)
	at org.junit.internal.runners.statements.RunAfters.evaluate(RunAfters.java:27)
	at org.junit.runners.ParentRunner.runLeaf(ParentRunner.java:325)
	at org.junit.runners.BlockJUnit4ClassRunner.runChild(BlockJUnit4ClassRunner.java:78)
	at org.junit.runners.BlockJUnit4ClassRunner.runChild(BlockJUnit4ClassRunner.java:57)
	at org.junit.runners.ParentRunner$3.run(ParentRunner.java:290)
	at org.junit.runners.ParentRunner$1.schedule(ParentRunner.java:71)
	at org.junit.runners.ParentRunner.runChildren(ParentRunner.java:288)
	at org.junit.runners.ParentRunner.access$000(ParentRunner.java:58)
	at org.junit.runners.ParentRunner$2.evaluate(ParentRunner.java:268)
	at org.junit.runners.ParentRunner.run(ParentRunner.java:363)
	at org.gradle.api.internal.tasks.testing.junit.JUnitTestClassExecutor.runTestClass(JUnitTestClassExecutor.java:110)
	at org.gradle.api.internal.tasks.testing.junit.JUnitTestClassExecutor.execute(JUnitTestClassExecutor.java:58)
	at org.gradle.api.internal.tasks.testing.junit.JUnitTestClassExecutor.execute(JUnitTestClassExecutor.java:38)
	at org.gradle.api.internal.tasks.testing.junit.AbstractJUnitTestClassProcessor.processTestClass(AbstractJUnitTestClassProcessor.java:62)
	at org.gradle.api.internal.tasks.testing.SuiteTestClassProcessor.processTestClass(SuiteTestClassProcessor.java:51)
	at sun.reflect.NativeMethodAccessorImpl.invoke0(Native Method)
	at sun.reflect.NativeMethodAccessorImpl.invoke(NativeMethodAccessorImpl.java:62)
	at sun.reflect.DelegatingMethodAccessorImpl.invoke(DelegatingMethodAccessorImpl.java:43)
	at java.lang.reflect.Method.invoke(Method.java:498)
	at org.gradle.internal.dispatch.ReflectionDispatch.dispatch(ReflectionDispatch.java:35)
	at org.gradle.internal.dispatch.ReflectionDispatch.dispatch(ReflectionDispatch.java:24)
	at org.gradle.internal.dispatch.ContextClassLoaderDispatch.dispatch(ContextClassLoaderDispatch.java:32)
	at org.gradle.internal.dispatch.ProxyDispatchAdapter$DispatchingInvocationHandler.invoke(ProxyDispatchAdapter.java:93)
	at com.sun.proxy.$Proxy2.processTestClass(Unknown Source)
	at org.gradle.api.internal.tasks.testing.worker.TestWorker.processTestClass(TestWorker.java:118)
	at sun.reflect.NativeMethodAccessorImpl.invoke0(Native Method)
	at sun.reflect.NativeMethodAccessorImpl.invoke(NativeMethodAccessorImpl.java:62)
	at sun.reflect.DelegatingMethodAccessorImpl.invoke(DelegatingMethodAccessorImpl.java:43)
	at java.lang.reflect.Method.invoke(Method.java:498)
	at org.gradle.internal.dispatch.ReflectionDispatch.dispatch(ReflectionDispatch.java:35)
	at org.gradle.internal.dispatch.ReflectionDispatch.dispatch(ReflectionDispatch.java:24)
	at org.gradle.internal.remote.internal.hub.MessageHubBackedObjectConnection$DispatchWrapper.dispatch(MessageHubBackedObjectConnection.java:175)
	at org.gradle.internal.remote.internal.hub.MessageHubBackedObjectConnection$DispatchWrapper.dispatch(MessageHubBackedObjectConnection.java:157)
	at org.gradle.internal.remote.internal.hub.MessageHub$Handler.run(MessageHub.java:404)
	at org.gradle.internal.concurrent.ExecutorPolicy$CatchAndRecordFailures.onExecute(ExecutorPolicy.java:63)
	at org.gradle.internal.concurrent.ManagedExecutorImpl$1.run(ManagedExecutorImpl.java:46)
	at java.util.concurrent.ThreadPoolExecutor.runWorker(ThreadPoolExecutor.java:1149)
	at java.util.concurrent.ThreadPoolExecutor$Worker.run(ThreadPoolExecutor.java:624)
	at org.gradle.internal.concurrent.ThreadFactoryImpl$ManagedThreadRunnable.run(ThreadFactoryImpl.java:55)
	at java.lang.Thread.run(Thread.java:748)
</failure>
  </testcase>
  <testcase name="Test009" classname="XiaomiRedmi4a.X_TotalRegress" time="274.904"/>
  <system-out><![CDATA[Текущий контекст: WEBVIEW_com.savetime
????????????????????????????????????????????????????????????????????????????????????
? Информация о клиенте: Алиса
???????????????????????????????????????????????????????????????????????????
? ID клиента: 72613
? Имя клиента: Алиса
? Телефон клиента: 79629778019
? Реферальный код клиента: ALISA134
? Статус клиента: basic
? Сейвкоины клиента: 147.0
????????????????????????????????????????????????????????????????????????????????????
Текущий контекст: WEBVIEW_com.savetime
Текущий контекст: WEBVIEW_com.savetime
Текущий контекст: NATIVE_APP
Текущий контекст: WEBVIEW_com.savetime
Количество сейвкоинов клиента соответствует значению в БД
109843
Текущий контекст: WEBVIEW_com.savetime
????????????????????????????????????????????????????????????????????????????????????
? Информация о клиенте: Андрей Каханов
???????????????????????????????????????????????????????????????????????????
? ID клиента: 83016
? Имя клиента: Андрей Каханов
? Телефон клиента: 79670396763
? Реферальный код клиента: ANDREY K001
? Статус клиента: basic
? Сейвкоины клиента: 46.18
????????????????????????????????????????????????????????????????????????????????????
Текущий контекст: WEBVIEW_com.savetime
Текущий контекст: WEBVIEW_com.savetime
Текущий контекст: NATIVE_APP
Текущий контекст: WEBVIEW_com.savetime
Активных заказов нет!
Текущий контекст: NATIVE_APP
Текущий контекст: WEBVIEW_com.savetime
Текущий контекст: NATIVE_APP
Текущий контекст: WEBVIEW_com.savetime
????????????????????????????????????????????????????????????????????????????????????
? Информация о заказе № 107995
???????????????????????????????????????????????????????????????????????????
? ID заказа: 107995
? Статус заказа: hold
? Сумма корзины: 390.0
? Сумма доставки: 199.0
? Сумма итого: 0.0
? Сумма потраченных сейвкоинов: 0.0
? Дата создания заказа: 2019-04-12 13:54:41.0
? Дата завершения доставки: null
? Адрес магазина: Ленинский проспект, 99
? Адрес клиента: Ленинский пр., 105к1
? Подъезд клиента: 1
? Этаж клиента: 2
? Квартира клиента: 3
? Домофон клиента: 123
? Комментарий клиента: Yo, yo yo, 148-3 to the 3 to the 6 to the 9, representing the ABQ, what up biatch?!
????????????????????????????????????????????????????????????????????????????????????
Изменено строк в базе: 1. Статус заказа №107995 изменён на: packing
Изменено строк в базе: 1. Статус заказа №107995 изменён на: compiled
Изменено строк в базе: 1. Статус заказа №107995 изменён на: ship
Изменено строк в базе: 1. Статус заказа №107995 изменён на: done
81917
Текущий контекст: NATIVE_APP
????????????????????????????????????????????????????????????????????????????????????
? Информация о клиенте: Екатерина
???????????????????????????????????????????????????????????????????????????
? ID клиента: 20807
? Имя клиента: Екатерина
? Телефон клиента: 79165502140
? Реферальный код клиента: EKATERIN253
? Статус клиента: basic
? Сейвкоины клиента: 426.86
????????????????????????????????????????????????????????????????????????????????????
Текущий контекст: WEBVIEW_com.savetime
Текущий контекст: WEBVIEW_com.savetime
Текущий контекст: NATIVE_APP
Текущий контекст: WEBVIEW_com.savetime
Активных заказов нет!
Тестовая карта уже привязана: 5100 •••• •••• 0008
Изменено строк в базе: 1
Изменено строк в базе: 1
Test7861
Текущий контекст: NATIVE_APP
Текущий контекст: WEBVIEW_com.savetime
Текущий контекст: NATIVE_APP
Текущий контекст: WEBVIEW_com.savetime
Текущий контекст: NATIVE_APP
Текущий контекст: WEBVIEW_com.savetime
Текущий контекст: NATIVE_APP
Текущий контекст: WEBVIEW_com.savetime
Текущий контекст: NATIVE_APP
Текущий контекст: WEBVIEW_com.savetime
Текущий контекст: NATIVE_APP
Текущий контекст: WEBVIEW_com.savetime
????????????????????????????????????????????????????????????????????????????????????
? Информация о заказе № 107998
???????????????????????????????????????????????????????????????????????????
? ID заказа: 107998
? Статус заказа: hold
? Сумма корзины: 764.0
? Сумма доставки: 199.0
? Сумма итого: 0.0
? Сумма потраченных сейвкоинов: 0.0
? Дата создания заказа: 2019-04-12 13:59:21.0
? Дата завершения доставки: null
? Адрес магазина: улица Маршала Бирюзова, 32
? Адрес клиента: Волоколамское ш., владение 71
? Подъезд клиента: 3
? Этаж клиента: 1
? Квартира клиента: 2
? Домофон клиента: 312
? Комментарий клиента: 
????????????????????????????????????????????????????????????????????????????????????
Изменено строк в базе: 1. Статус заказа №107998 изменён на: packing
Изменено строк в базе: 1. Статус заказа №107998 изменён на: compiled
Изменено строк в базе: 1. Статус заказа №107998 изменён на: ship
Изменено строк в базе: 1. Статус заказа №107998 изменён на: done
88208
Текущий контекст: WEBVIEW_com.savetime
????????????????????????????????????????????????????????????????????????????????????
? Информация о клиенте: Галина
???????????????????????????????????????????????????????????????????????????
? ID клиента: 4420
? Имя клиента: Галина
? Телефон клиента: 79263578847
? Реферальный код клиента: GALINA014
? Статус клиента: basic
? Сейвкоины клиента: 48.03
????????????????????????????????????????????????????????????????????????????????????
Текущий контекст: WEBVIEW_com.savetime
Текущий контекст: WEBVIEW_com.savetime
Текущий контекст: NATIVE_APP
Текущий контекст: WEBVIEW_com.savetime
Активных заказов нет!
Тестовая карта уже привязана: 5100 •••• •••• 0008
Изменено строк в базе: 1
Изменено строк в базе: 1
Test9474
Текущий контекст: NATIVE_APP
Текущий контекст: WEBVIEW_com.savetime
Текущий контекст: NATIVE_APP
Текущий контекст: WEBVIEW_com.savetime
Текущий контекст: NATIVE_APP
Текущий контекст: WEBVIEW_com.savetime
Текущий контекст: NATIVE_APP
Текущий контекст: WEBVIEW_com.savetime
Текущий контекст: NATIVE_APP
Текущий контекст: WEBVIEW_com.savetime
Текущий контекст: NATIVE_APP
Текущий контекст: WEBVIEW_com.savetime
????????????????????????????????????????????????????????????????????????????????????
? Информация о заказе № 108001
???????????????????????????????????????????????????????????????????????????
? ID заказа: 108001
? Статус заказа: hold
? Сумма корзины: 564.0
? Сумма доставки: 199.0
? Сумма итого: 0.0
? Сумма потраченных сейвкоинов: 0.0
? Дата создания заказа: 2019-04-12 14:04:16.0
? Дата завершения доставки: null
? Адрес магазина: Братиславская улица, 16к1
? Адрес клиента: ул. Борисовские Пруды, 25к2
? Подъезд клиента: 3
? Этаж клиента: 1
? Квартира клиента: 2
? Домофон клиента: 312
? Комментарий клиента: 
????????????????????????????????????????????????????????????????????????????????????
Изменено строк в базе: 1. Статус заказа №108001 изменён на: packing
Изменено строк в базе: 1. Статус заказа №108001 изменён на: compiled
Изменено строк в базе: 1. Статус заказа №108001 изменён на: ship
Изменено строк в базе: 1. Статус заказа №108001 изменён на: done
84745
Текущий контекст: WEBVIEW_com.savetime
????????????????????????????????????????????????????????????????????????????????????
? Информация о клиенте: Агата
???????????????????????????????????????????????????????????????????????????
? ID клиента: 89488
? Имя клиента: Агата
? Телефон клиента: 79153972818
? Реферальный код клиента: AGATA007
? Статус клиента: basic
? Сейвкоины клиента: 113.13
????????????????????????????????????????????????????????????????????????????????????
Текущий контекст: WEBVIEW_com.savetime
Текущий контекст: WEBVIEW_com.savetime
Текущий контекст: NATIVE_APP
Текущий контекст: WEBVIEW_com.savetime
Активных заказов нет!
Текущий контекст: NATIVE_APP
Текущий контекст: WEBVIEW_com.savetime
Тестовая карта уже привязана: 5100 •••• •••• 0008
Текущий контекст: NATIVE_APP
Текущий контекст: WEBVIEW_com.savetime
Текущий контекст: NATIVE_APP
Текущий контекст: WEBVIEW_com.savetime
????????????????????????????????????????????????????????????????????????????????????
? Информация о заказе № 108003
???????????????????????????????????????????????????????????????????????????
? ID заказа: 108003
? Статус заказа: hold
? Сумма корзины: 560.7
? Сумма доставки: 199.0
? Сумма итого: 0.0
? Сумма потраченных сейвкоинов: 10.0
? Дата создания заказа: 2019-04-12 14:07:45.0
? Дата завершения доставки: null
? Адрес магазина: Москва, Можайское шоссе 31, корп.1
? Адрес клиента: Рублёвское ш., 44, к. 1
? Подъезд клиента: 6
? Этаж клиента: 7
? Квартира клиента: 8
? Домофон клиента: 876
? Комментарий клиента: 
????????????????????????????????????????????????????????????????????????????????????
Изменено строк в базе: 1. Статус заказа №108003 изменён на: packing
Изменено строк в базе: 1. Статус заказа №108003 изменён на: compiled
Изменено строк в базе: 1. Статус заказа №108003 изменён на: ship
Изменено строк в базе: 1. Статус заказа №108003 изменён на: done
110955
Текущий контекст: WEBVIEW_com.savetime
????????????????????????????????????????????????????????????????????????????????????
? Информация о клиенте: Элен
???????????????????????????????????????????????????????????????????????????
? ID клиента: 91200
? Имя клиента: Элен
? Телефон клиента: 79661711417
? Реферальный код клиента: ELEN009
? Статус клиента: basic
? Сейвкоины клиента: 473.19
????????????????????????????????????????????????????????????????????????????????????
Текущий контекст: WEBVIEW_com.savetime
Текущий контекст: WEBVIEW_com.savetime
Текущий контекст: NATIVE_APP
Текущий контекст: WEBVIEW_com.savetime
Активных заказов нет!
110807
Тестовая карта уже привязана: 5100 •••• •••• 0008
Текущий контекст: NATIVE_APP
Текущий контекст: WEBVIEW_com.savetime
????????????????????????????????????????????????????????????????????????????????????
? Информация о заказе № 108007
???????????????????????????????????????????????????????????????????????????
? ID заказа: 108007
? Статус заказа: hold
? Сумма корзины: 359.5
? Сумма доставки: 199.0
? Сумма итого: 0.0
? Сумма потраченных сейвкоинов: 0.0
? Дата создания заказа: 2019-04-12 14:11:15.0
? Дата завершения доставки: null
? Адрес магазина: Москва, Можайское шоссе 31, корп.1
? Адрес клиента: ул. Беловежская, 4
? Подъезд клиента: 1
? Этаж клиента: 2
? Квартира клиента: 3
? Домофон клиента: 123
? Комментарий клиента: Yo, yo yo, 148-3 to the 3 to the 6 to the 9, representing the ABQ, what up biatch?!
????????????????????????????????????????????????????????????????????????????????????
Изменено строк в базе: 1. Статус заказа №108007 изменён на: packing
Изменено строк в базе: 1. Статус заказа №108007 изменён на: compiled
Изменено строк в базе: 1. Статус заказа №108007 изменён на: ship
Изменено строк в базе: 1. Статус заказа №108007 изменён на: done
110719
Было сейвкоинов: 473
Стало сейвкоинов: 476
110719
Текущий контекст: WEBVIEW_com.savetime
????????????????????????????????????????????????????????????????????????????????????
? Информация о клиенте: Ирина
???????????????????????????????????????????????????????????????????????????
? ID клиента: 44392
? Имя клиента: Ирина
? Телефон клиента: 79033238932
? Реферальный код клиента: IRINA1169
? Статус клиента: basic
? Сейвкоины клиента: 60.16
????????????????????????????????????????????????????????????????????????????????????
Текущий контекст: WEBVIEW_com.savetime
Текущий контекст: WEBVIEW_com.savetime
Текущий контекст: NATIVE_APP
Текущий контекст: WEBVIEW_com.savetime
Активных заказов нет!
147283
Тестовая карта уже привязана: 5100 •••• •••• 0008
Текущий контекст: NATIVE_APP
Текущий контекст: WEBVIEW_com.savetime
????????????????????????????????????????????????????????????????????????????????????
? Информация о заказе № 108010
???????????????????????????????????????????????????????????????????????????
? ID заказа: 108010
? Статус заказа: hold
? Сумма корзины: 184.0
? Сумма доставки: 199.0
? Сумма итого: 0.0
? Сумма потраченных сейвкоинов: 0.0
? Дата создания заказа: 2019-04-12 14:14:46.0
? Дата завершения доставки: null
? Адрес магазина: Щёлковское шоссе, 12к1
? Адрес клиента: Измайловский пр-д, 10к3
? Подъезд клиента: 1
? Этаж клиента: 2
? Квартира клиента: 3
? Домофон клиента: 123
? Комментарий клиента: Yo, yo yo, 148-3 to the 3 to the 6 to the 9, representing the ABQ, what up biatch?!
????????????????????????????????????????????????????????????????????????????????????
Изменено строк в базе: 1. Статус заказа №108010 изменён на: packing
Изменено строк в базе: 1. Статус заказа №108010 изменён на: compiled
Изменено строк в базе: 1. Статус заказа №108010 изменён на: ship
Изменено строк в базе: 1. Статус заказа №108010 изменён на: done
147283
147283
Текущий контекст: WEBVIEW_com.savetime
????????????????????????????????????????????????????????????????????????????????????
? Информация о клиенте: Ксения
???????????????????????????????????????????????????????????????????????????
? ID клиента: 13171
? Имя клиента: Ксения
? Телефон клиента: 79260290408
? Реферальный код клиента: KSENIYA163
? Статус клиента: basic
? Сейвкоины клиента: 26.37
????????????????????????????????????????????????????????????????????????????????????
Текущий контекст: WEBVIEW_com.savetime
Текущий контекст: WEBVIEW_com.savetime
Текущий контекст: NATIVE_APP
Текущий контекст: WEBVIEW_com.savetime
Активных заказов нет!
Тестовая карта уже привязана: 5100 •••• •••• 0008
Текущий контекст: NATIVE_APP
Текущий контекст: WEBVIEW_com.savetime
????????????????????????????????????????????????????????????????????????????????????
? Информация о заказе № 108012
???????????????????????????????????????????????????????????????????????????
? ID заказа: 108012
? Статус заказа: hold
? Сумма корзины: 2335.9
? Сумма доставки: 199.0
? Сумма итого: 0.0
? Сумма потраченных сейвкоинов: 0.0
? Дата создания заказа: 2019-04-12 14:18:14.0
? Дата завершения доставки: null
? Адрес магазина: Москва, Мусы Джалиля ул., д. 6к2
? Адрес клиента: Головачева ул., 31c1
? Подъезд клиента: 1
? Этаж клиента: 2
? Квартира клиента: 3
? Домофон клиента: 123
? Комментарий клиента: Yo, yo yo, 148-3 to the 3 to the 6 to the 9, representing the ABQ, what up biatch?!
????????????????????????????????????????????????????????????????????????????????????
Изменено строк в базе: 1. Статус заказа №108012 изменён на: packing
Изменено строк в базе: 1. Статус заказа №108012 изменён на: compiled
Текущий контекст: NATIVE_APP
Текущий контекст: WEBVIEW_com.savetime
76809
Текущий контекст: WEBVIEW_com.savetime
????????????????????????????????????????????????????????????????????????????????????
? Информация о клиенте: Яна
???????????????????????????????????????????????????????????????????????????
? ID клиента: 826
? Имя клиента: Яна
? Телефон клиента: 79265957272
? Реферальный код клиента: YANA011
? Статус клиента: basic
? Сейвкоины клиента: 18.58
????????????????????????????????????????????????????????????????????????????????????
Текущий контекст: WEBVIEW_com.savetime
Текущий контекст: WEBVIEW_com.savetime
Текущий контекст: NATIVE_APP
Текущий контекст: WEBVIEW_com.savetime
Изменено строк в базе: 1. Статус заказа №21873 изменён на: done
Текущий контекст: NATIVE_APP
Текущий контекст: WEBVIEW_com.savetime
Изменено строк в базе: 1. Статус заказа №107715 изменён на: done
Тестовая карта уже привязана: 5100 •••• •••• 0008
Текущий контекст: NATIVE_APP
Текущий контекст: WEBVIEW_com.savetime
????????????????????????????????????????????????????????????????????????????????????
? Информация о заказе № 108014
???????????????????????????????????????????????????????????????????????????
? ID заказа: 108014
? Статус заказа: hold
? Сумма корзины: 410.6
? Сумма доставки: 199.0
? Сумма итого: 0.0
? Сумма потраченных сейвкоинов: 0.0
? Дата создания заказа: 2019-04-12 14:22:23.0
? Дата завершения доставки: null
? Адрес магазина: улица Маршала Бирюзова, 32
? Адрес клиента: Чапаевский пер., д.12, корп. 3
? Подъезд клиента: 1
? Этаж клиента: 2
? Квартира клиента: 3
? Домофон клиента: 123
? Комментарий клиента: Yo, yo yo, 148-3 to the 3 to the 6 to the 9, representing the ABQ, what up biatch?!
????????????????????????????????????????????????????????????????????????????????????
Изменено строк в базе: 1. Статус заказа №108014 изменён на: packing
Изменено строк в базе: 1. Статус заказа №108014 изменён на: compiled
Изменено строк в базе: 1. Статус заказа №108014 изменён на: ship
Изменено строк в базе: 1. Статус заказа №108014 изменён на: done
Текущий контекст: NATIVE_APP
Текущий контекст: WEBVIEW_com.savetime
Текущий контекст: NATIVE_APP
Текущий контекст: WEBVIEW_com.savetime
Текущий контекст: NATIVE_APP
354963
]]></system-out>
  <system-err><![CDATA[SLF4J: Failed to load class "org.slf4j.impl.StaticLoggerBinder".
SLF4J: Defaulting to no-operation (NOP) logger implementation
SLF4J: See http://www.slf4j.org/codes.html#StaticLoggerBinder for further details.
]]></system-err>
</testsuite>
