<?xml version="1.0" encoding="UTF-8"?>
<testsuite name="XiaomiMiMix2.TotalRegress" tests="1" skipped="0" failures="0" errors="0" timestamp="2019-04-11T08:21:25" hostname="SV-IT-5" time="44.878">
  <properties/>
  <testcase name="Test001" classname="XiaomiMiMix2.TotalRegress" time="44.878"/>
  <system-out><![CDATA[Текущий контекст: WEBVIEW_com.savetime
????????????????????????????????????????????????????????????????????????????????????
? Информация о клиенте: Мария
???????????????????????????????????????????????????????????????????????????
? ID клиента: 80846
? Имя клиента: Мария
? Телефон клиента: 79263490910
? Реферальный код клиента: MARIYA2028
? Статус клиента: basic
? Сейвкоины клиента: 1459.26
????????????????????????????????????????????????????????????????????????????????????
Текущий контекст: WEBVIEW_com.savetime
Текущий контекст: NATIVE_APP
Текущий контекст: WEBVIEW_com.savetime
Текущий контекст: WEBVIEW_com.savetime
Текущий контекст: NATIVE_APP
Текущий контекст: WEBVIEW_com.savetime
Количество сейвкоинов клиента соответствует значению в БД
168306
]]></system-out>
  <system-err><![CDATA[SLF4J: Failed to load class "org.slf4j.impl.StaticLoggerBinder".
SLF4J: Defaulting to no-operation (NOP) logger implementation
SLF4J: See http://www.slf4j.org/codes.html#StaticLoggerBinder for further details.
]]></system-err>
</testsuite>
