<?xml version="1.0" encoding="UTF-8"?>
<testsuite name="XiaomiRedmi4a.XiaomiRedmi4aTest007" tests="1" skipped="0" failures="0" errors="0" timestamp="2019-04-04T13:04:06" hostname="SV-IT-5" time="281.91">
  <properties/>
  <testcase name="Test007" classname="XiaomiRedmi4a.XiaomiRedmi4aTest007" time="281.91"/>
  <system-out><![CDATA[Текущий контекст: WEBVIEW_com.savetime
????????????????????????????????????????????????????????????????????????????????????
? Информация о клиенте: Артем
???????????????????????????????????????????????????????????????????????????
? ID клиента: 95159
? Имя клиента: Артем
? Телефон клиента: 79169995119
? Реферальный код клиента: ARTEM-537
? Статус клиента: basic
? Сейвкоины клиента: 73.65
????????????????????????????????????????????????????????????????????????????????????
Текущий контекст: WEBVIEW_com.savetime
Текущий контекст: WEBVIEW_com.savetime
Текущий контекст: NATIVE_APP
Текущий контекст: WEBVIEW_com.savetime
190419
Текущий контекст: NATIVE_APP
Текущий контекст: WEBVIEW_com.savetime
Текущий контекст: NATIVE_APP
Текущий контекст: WEBVIEW_com.savetime
????????????????????????????????????????????????????????????????????????????????????
? Информация о заказе № 107762
???????????????????????????????????????????????????????????????????????????
? ID заказа: 107762
? Статус заказа: hold
? Сумма корзины: 274.6
? Сумма доставки: 199.0
? Сумма итого: 0.0
? Дата создания заказа: 2019-04-04 13:06:46.0
? Дата завершения доставки: null
? Адрес магазина: Москва, ул. Наметкина, 3
? Адрес клиента: ул. Красного Маяка, 4к1
? Подъезд клиента: 1
? Этаж клиента: 2
? Квартира клиента: 3
? Домофон клиента: 123
? Комментарий клиента: Yo, yo yo, 148-3 to the 3 to the 6 to the 9, representing the ABQ, what up biatch?!
????????????????????????????????????????????????????????????????????????????????????
Изменено строк в базе: 1. Статус заказа №107762 изменён на: packing
Изменено строк в базе: 1. Статус заказа №107762 изменён на: compiled
Изменено строк в базе: 1. Статус заказа №107762 изменён на: ship
Изменено строк в базе: 1. Статус заказа №107762 изменён на: done
Текущий контекст: NATIVE_APP
Текущий контекст: WEBVIEW_com.savetime
190419
190419
]]></system-out>
  <system-err><![CDATA[SLF4J: Failed to load class "org.slf4j.impl.StaticLoggerBinder".
SLF4J: Defaulting to no-operation (NOP) logger implementation
SLF4J: See http://www.slf4j.org/codes.html#StaticLoggerBinder for further details.
]]></system-err>
</testsuite>
