<?xml version="1.0" encoding="UTF-8"?>
<testsuite name="HuaweiP20Lite.HuaweiP20LiteTest008" tests="1" skipped="0" failures="0" errors="0" timestamp="2019-04-04T14:27:44" hostname="SV-IT-5" time="223.823">
  <properties/>
  <testcase name="Test008" classname="HuaweiP20Lite.HuaweiP20LiteTest008" time="223.823"/>
  <system-out><![CDATA[Текущий контекст: WEBVIEW_com.savetime
????????????????????????????????????????????????????????????????????????????????????
? Информация о клиенте: Марина
???????????????????????????????????????????????????????????????????????????
? ID клиента: 17087
? Имя клиента: Марина
? Телефон клиента: 79032619828
? Реферальный код клиента: MARINA312
? Статус клиента: basic
? Сейвкоины клиента: 147.21
????????????????????????????????????????????????????????????????????????????????????
Текущий контекст: WEBVIEW_com.savetime
Текущий контекст: WEBVIEW_com.savetime
Текущий контекст: NATIVE_APP
Текущий контекст: WEBVIEW_com.savetime
Текущий контекст: NATIVE_APP
Текущий контекст: WEBVIEW_com.savetime
Текущий контекст: NATIVE_APP
Текущий контекст: WEBVIEW_com.savetime
????????????????????????????????????????????????????????????????????????????????????
? Информация о заказе № 107784
???????????????????????????????????????????????????????????????????????????
? ID заказа: 107784
? Статус заказа: hold
? Сумма корзины: 703.0
? Сумма доставки: 199.0
? Сумма итого: 0.0
? Дата создания заказа: 2019-04-04 14:29:49.0
? Дата завершения доставки: null
? Адрес магазина: Ельнинская ул., 23, стр. 2
? Адрес клиента: домк3, ул. Твардовского, 12
? Подъезд клиента: 1
? Этаж клиента: 2
? Квартира клиента: 3
? Домофон клиента: 123
? Комментарий клиента: Yo, yo yo, 148-3 to the 3 to the 6 to the 9, representing the ABQ, what up biatch?!
????????????????????????????????????????????????????????????????????????????????????
Изменено строк в базе: 1. Статус заказа №107784 изменён на: packing
Изменено строк в базе: 1. Статус заказа №107784 изменён на: compiled
Текущий контекст: NATIVE_APP
Текущий контекст: WEBVIEW_com.savetime
114096
]]></system-out>
  <system-err><![CDATA[SLF4J: Failed to load class "org.slf4j.impl.StaticLoggerBinder".
SLF4J: Defaulting to no-operation (NOP) logger implementation
SLF4J: See http://www.slf4j.org/codes.html#StaticLoggerBinder for further details.
]]></system-err>
</testsuite>
